<?xml version="1.0" encoding="UTF-8"?>
<!-- Generated by org.testng.reporters.JUnitReportReporter -->
<testsuite skipped="0" hostname="LAPTOP-6ECKI4TL" name="Excel.Exceltest" tests="7" failures="0" timestamp="17 Mar 2021 04:13:58 GMT" time="227.244" errors="0">
  <testcase name="login" time="18.980" classname="Excel.Exceltest"/>
  <testcase name="login" time="112.599" classname="Excel.Exceltest"/>
  <testcase name="login" time="21.522" classname="Excel.Exceltest"/>
  <testcase name="login" time="19.725" classname="Excel.Exceltest"/>
  <testcase name="login" time="19.796" classname="Excel.Exceltest"/>
  <testcase name="login" time="14.263" classname="Excel.Exceltest"/>
  <testcase name="TlogVerify" time="20.359" classname="Excel.Exceltest"/>
</testsuite> <!-- Excel.Exceltest -->
